<?xml version="1.0" encoding="UTF-8"?>
<testng-results skipped="0" failed="0" ignored="0" total="1" passed="1">
  <reporter-output>
  </reporter-output>
  <suite name="Default suite" duration-ms="45583" started-at="2020-07-23T22:06:02 IDT" finished-at="2020-07-23T22:06:48 IDT">
    <groups>
    </groups>
    <test name="Default test" duration-ms="45583" started-at="2020-07-23T22:06:02 IDT" finished-at="2020-07-23T22:06:48 IDT">
      <class name="next.co.uk.tests.SearchByCategoryTest">
        <test-method status="PASS" signature="setup()[pri:0, instance:next.co.uk.tests.SearchByCategoryTest@23e028a9]" name="setup" is-config="true" duration-ms="12153" started-at="2020-07-23T22:06:02 IDT" finished-at="2020-07-23T22:06:15 IDT">
          <reporter-output>
          </reporter-output>
        </test-method> <!-- setup -->
        <test-method status="PASS" signature="tc03_searchByCategory()[pri:0, instance:next.co.uk.tests.SearchByCategoryTest@23e028a9]" name="tc03_searchByCategory" duration-ms="33383" started-at="2020-07-23T22:06:15 IDT" description="search by category,choose product and add to bag" finished-at="2020-07-23T22:06:48 IDT">
          <reporter-output>
          </reporter-output>
        </test-method> <!-- tc03_searchByCategory -->
      </class> <!-- next.co.uk.tests.SearchByCategoryTest -->
    </test> <!-- Default test -->
  </suite> <!-- Default suite -->
</testng-results>
